<html>
<head>
<title>TestNG:  Default test</title>
<link href="../testng.css" rel="stylesheet" type="text/css" />
<link href="../my-testng.css" rel="stylesheet" type="text/css" />

<style type="text/css">
.log { display: none;} 
.stack-trace { display: none;} 
</style>
<script type="text/javascript">
<!--
function flip(e) {
  current = e.style.display;
  if (current == 'block') {
    e.style.display = 'none';
    return 0;
  }
  else {
    e.style.display = 'block';
    return 1;
  }
}

function toggleBox(szDivId, elem, msg1, msg2)
{
  var res = -1;  if (document.getElementById) {
    res = flip(document.getElementById(szDivId));
  }
  else if (document.all) {
    // this is the way old msie versions work
    res = flip(document.all[szDivId]);
  }
  if(elem) {
    if(res == 0) elem.innerHTML = msg1; else elem.innerHTML = msg2;
  }

}

function toggleAllBoxes() {
  if (document.getElementsByTagName) {
    d = document.getElementsByTagName('div');
    for (i = 0; i < d.length; i++) {
      if (d[i].className == 'log') {
        flip(d[i]);
      }
    }
  }
}

// -->
</script>

</head>
<body>
<h2 align='center'>Default test</h2><table border='1' align="center">
<tr>
<td>Tests passed/Failed/Skipped:</td><td>0/3/0</td>
</tr><tr>
<td>Started on:</td><td>Mon Jan 25 21:24:01 NZDT 2021</td>
</tr>
<tr><td>Total time:</td><td>30 seconds (30947 ms)</td>
</tr><tr>
<td>Included groups:</td><td></td>
</tr><tr>
<td>Excluded groups:</td><td></td>
</tr>
</table><p/>
<small><i>(Hover the method name to see the test class name)</i></small><p/>
<table width='100%' border='1' class='invocation-failed'>
<tr><td colspan='4' align='center'><b>FAILED TESTS</b></td></tr>
<tr><td><b>Test method</b></td>
<td width="30%"><b>Exception</b></td>
<td width="10%"><b>Time (seconds)</b></td>
<td><b>Instance</b></td>
</tr>
<tr>
<td title='runner.TestRunner.runScenario()'><b>runScenario</b><br>Test class: runner.TestRunner<br>Test method: Runs Cucumber Scenarios<br>Parameters: "Successful Login", "Optional[User Login on website]"</td>
<td><div><pre>java.lang.NullPointerException: Cannot invoke &quot;org.openqa.selenium.SearchContext.findElement(org.openqa.selenium.By)&quot; because &quot;this.searchContext&quot; is null
	at org.openqa.selenium.support.pagefactory.DefaultElementLocator.findElement(DefaultElementLocator.java:70)
	at org.openqa.selenium.support.pagefactory.internal.LocatingElementHandler.invoke(LocatingElementHandler.java:39)
	at com.sun.proxy.$Proxy23.click(Unknown Source)
	at pages.LoginPage.clickSignIn(LoginPage.java:35)
	at stepDefinition.LoginStepDef.i_enter_my_and(LoginStepDef.java:40)
	at ?.I enter my &quot;shireenkamra@gmail.com&quot; and &quot;Shireen12&quot;(file:///C:/CucumberPageObjectFramework-master/Framework/src/test/resources/features/Login.feature:8)
</pre></div><a href='#' onClick='toggleBox("stack-trace620261614", this, "Click to show all stack frames", "Click to hide stack frames")'>Click to show all stack frames</a>
<div class='stack-trace' id='stack-trace620261614'><pre>java.lang.NullPointerException: Cannot invoke &quot;org.openqa.selenium.SearchContext.findElement(org.openqa.selenium.By)&quot; because &quot;this.searchContext&quot; is null
	at org.openqa.selenium.support.pagefactory.DefaultElementLocator.findElement(DefaultElementLocator.java:70)
	at org.openqa.selenium.support.pagefactory.internal.LocatingElementHandler.invoke(LocatingElementHandler.java:39)
	at com.sun.proxy.$Proxy23.click(Unknown Source)
	at pages.LoginPage.clickSignIn(LoginPage.java:35)
	at stepDefinition.LoginStepDef.i_enter_my_and(LoginStepDef.java:40)
	at ?.I enter my &quot;shireenkamra@gmail.com&quot; and &quot;Shireen12&quot;(file:///C:/CucumberPageObjectFramework-master/Framework/src/test/resources/features/Login.feature:8)
</pre></div></td>
<td>11</td>
<td>runner.TestRunner@31e5415e</td></tr>
<tr>
<td title='runner.TestRunner.runScenario()'><b>runScenario</b><br>Test class: runner.TestRunner<br>Test method: Runs Cucumber Scenarios<br>Parameters: "Successful Login", "Optional[User Login on website]"</td>
<td><div><pre>java.lang.NullPointerException: Cannot invoke &quot;org.openqa.selenium.SearchContext.findElement(org.openqa.selenium.By)&quot; because &quot;this.searchContext&quot; is null
	at org.openqa.selenium.support.pagefactory.DefaultElementLocator.findElement(DefaultElementLocator.java:70)
	at org.openqa.selenium.support.pagefactory.internal.LocatingElementHandler.invoke(LocatingElementHandler.java:39)
	at com.sun.proxy.$Proxy23.click(Unknown Source)
	at pages.LoginPage.clickSignIn(LoginPage.java:35)
	at stepDefinition.LoginStepDef.i_enter_my_and(LoginStepDef.java:40)
	at ?.I enter my &quot;shireenkamra@gmail.com&quot; and &quot;Shireen12&quot;(file:///C:/CucumberPageObjectFramework-master/Framework/src/test/resources/features/Login.feature:13)
</pre></div><a href='#' onClick='toggleBox("stack-trace1167813715", this, "Click to show all stack frames", "Click to hide stack frames")'>Click to show all stack frames</a>
<div class='stack-trace' id='stack-trace1167813715'><pre>java.lang.NullPointerException: Cannot invoke &quot;org.openqa.selenium.SearchContext.findElement(org.openqa.selenium.By)&quot; because &quot;this.searchContext&quot; is null
	at org.openqa.selenium.support.pagefactory.DefaultElementLocator.findElement(DefaultElementLocator.java:70)
	at org.openqa.selenium.support.pagefactory.internal.LocatingElementHandler.invoke(LocatingElementHandler.java:39)
	at com.sun.proxy.$Proxy23.click(Unknown Source)
	at pages.LoginPage.clickSignIn(LoginPage.java:35)
	at stepDefinition.LoginStepDef.i_enter_my_and(LoginStepDef.java:40)
	at ?.I enter my &quot;shireenkamra@gmail.com&quot; and &quot;Shireen12&quot;(file:///C:/CucumberPageObjectFramework-master/Framework/src/test/resources/features/Login.feature:13)
</pre></div></td>
<td>9</td>
<td>runner.TestRunner@31e5415e</td></tr>
<tr>
<td title='runner.TestRunner.runScenario()'><b>runScenario</b><br>Test class: runner.TestRunner<br>Test method: Runs Cucumber Scenarios<br>Parameters: "Successful Login", "Optional[User Login on website]"</td>
<td><div><pre>java.lang.NullPointerException: Cannot invoke &quot;org.openqa.selenium.SearchContext.findElement(org.openqa.selenium.By)&quot; because &quot;this.searchContext&quot; is null
	at org.openqa.selenium.support.pagefactory.DefaultElementLocator.findElement(DefaultElementLocator.java:70)
	at org.openqa.selenium.support.pagefactory.internal.LocatingElementHandler.invoke(LocatingElementHandler.java:39)
	at com.sun.proxy.$Proxy23.click(Unknown Source)
	at pages.LoginPage.clickSignIn(LoginPage.java:35)
	at stepDefinition.LoginStepDef.i_enter_my_and(LoginStepDef.java:40)
	at ?.I enter my &quot;arijitlahiri5@gmail.com&quot; and &quot;Arijit12&quot;(file:///C:/CucumberPageObjectFramework-master/Framework/src/test/resources/features/Login.feature:13)
</pre></div><a href='#' onClick='toggleBox("stack-trace760604710", this, "Click to show all stack frames", "Click to hide stack frames")'>Click to show all stack frames</a>
<div class='stack-trace' id='stack-trace760604710'><pre>java.lang.NullPointerException: Cannot invoke &quot;org.openqa.selenium.SearchContext.findElement(org.openqa.selenium.By)&quot; because &quot;this.searchContext&quot; is null
	at org.openqa.selenium.support.pagefactory.DefaultElementLocator.findElement(DefaultElementLocator.java:70)
	at org.openqa.selenium.support.pagefactory.internal.LocatingElementHandler.invoke(LocatingElementHandler.java:39)
	at com.sun.proxy.$Proxy23.click(Unknown Source)
	at pages.LoginPage.clickSignIn(LoginPage.java:35)
	at stepDefinition.LoginStepDef.i_enter_my_and(LoginStepDef.java:40)
	at ?.I enter my &quot;arijitlahiri5@gmail.com&quot; and &quot;Arijit12&quot;(file:///C:/CucumberPageObjectFramework-master/Framework/src/test/resources/features/Login.feature:13)
</pre></div></td>
<td>9</td>
<td>runner.TestRunner@31e5415e</td></tr>
</table><p>
</body>
</html>