<?xml version="1.0" encoding="UTF-8"?>
<!-- Generated by org.testng.reporters.JUnitReportReporter -->
<testsuite hostname="IT301825" failures="0" tests="3" name="runner.TestRunner" time="29.937" errors="3" timestamp="2021-01-25T21:24:32 NZDT" skipped="0">
  <testcase classname="runner.TestRunner" name="runScenario" time="9.468">
    <error message="Cannot invoke &quot;org.openqa.selenium.SearchContext.findElement(org.openqa.selenium.By)&quot; because &quot;this.searchContext&quot; is null" type="java.lang.NullPointerException">
      <![CDATA[java.lang.NullPointerException: Cannot invoke "org.openqa.selenium.SearchContext.findElement(org.openqa.selenium.By)" because "this.searchContext" is null
at org.openqa.selenium.support.pagefactory.DefaultElementLocator.findElement(DefaultElementLocator.java:70)
at org.openqa.selenium.support.pagefactory.internal.LocatingElementHandler.invoke(LocatingElementHandler.java:39)
at com.sun.proxy.$Proxy23.click(Unknown Source)
at pages.LoginPage.clickSignIn(LoginPage.java:35)
at stepDefinition.LoginStepDef.i_enter_my_and(LoginStepDef.java:40)
at ✽.I enter my "arijitlahiri5@gmail.com" and "Arijit12"(file:///C:/CucumberPageObjectFramework-master/Framework/src/test/resources/features/Login.feature:13)
]]>
    </error>
  </testcase> <!-- runScenario -->
  <testcase classname="runner.TestRunner" name="runScenario" time="11.332">
    <error message="Cannot invoke &quot;org.openqa.selenium.SearchContext.findElement(org.openqa.selenium.By)&quot; because &quot;this.searchContext&quot; is null" type="java.lang.NullPointerException">
      <![CDATA[java.lang.NullPointerException: Cannot invoke "org.openqa.selenium.SearchContext.findElement(org.openqa.selenium.By)" because "this.searchContext" is null
at org.openqa.selenium.support.pagefactory.DefaultElementLocator.findElement(DefaultElementLocator.java:70)
at org.openqa.selenium.support.pagefactory.internal.LocatingElementHandler.invoke(LocatingElementHandler.java:39)
at com.sun.proxy.$Proxy23.click(Unknown Source)
at pages.LoginPage.clickSignIn(LoginPage.java:35)
at stepDefinition.LoginStepDef.i_enter_my_and(LoginStepDef.java:40)
at ✽.I enter my "shireenkamra@gmail.com" and "Shireen12"(file:///C:/CucumberPageObjectFramework-master/Framework/src/test/resources/features/Login.feature:8)
]]>
    </error>
  </testcase> <!-- runScenario -->
  <testcase classname="runner.TestRunner" name="runScenario" time="9.137">
    <error message="Cannot invoke &quot;org.openqa.selenium.SearchContext.findElement(org.openqa.selenium.By)&quot; because &quot;this.searchContext&quot; is null" type="java.lang.NullPointerException">
      <![CDATA[java.lang.NullPointerException: Cannot invoke "org.openqa.selenium.SearchContext.findElement(org.openqa.selenium.By)" because "this.searchContext" is null
at org.openqa.selenium.support.pagefactory.DefaultElementLocator.findElement(DefaultElementLocator.java:70)
at org.openqa.selenium.support.pagefactory.internal.LocatingElementHandler.invoke(LocatingElementHandler.java:39)
at com.sun.proxy.$Proxy23.click(Unknown Source)
at pages.LoginPage.clickSignIn(LoginPage.java:35)
at stepDefinition.LoginStepDef.i_enter_my_and(LoginStepDef.java:40)
at ✽.I enter my "shireenkamra@gmail.com" and "Shireen12"(file:///C:/CucumberPageObjectFramework-master/Framework/src/test/resources/features/Login.feature:13)
]]>
    </error>
  </testcase> <!-- runScenario -->
</testsuite> <!-- runner.TestRunner -->
